<?xml version="1.0" encoding="UTF-8"?>
<!-- Generated by org.testng.reporters.JUnitReportReporter -->
<testsuite skipped="0" hostname="Prasad-PC" name="Tests_GET" tests="1" failures="0" timestamp="28 Apr 2020 06:15:11 GMT" time="4.439" errors="0">
  <testcase name="test_1" time="4.439" classname="Tests_GET"/>
</testsuite> <!-- Tests_GET -->
