<?xml version="1.0" encoding="UTF-8"?>
<!-- Generated by org.testng.reporters.JUnitReportReporter -->
<testsuite skipped="0" hostname="Prasad-PC" name="DataDrivenExamples" tests="2" failures="0" timestamp="28 Apr 2020 11:57:19 GMT" time="2.837" errors="0">
  <testcase name="test_post" time="0.034" classname="DataDrivenExamples"/>
  <testcase name="test_post" time="2.803" classname="DataDrivenExamples"/>
</testsuite> <!-- DataDrivenExamples -->
