<?xml version="1.0" encoding="UTF-8"?>
<!-- Generated by org.testng.reporters.JUnitReportReporter -->
<testsuite skipped="0" hostname="Prasad-PC" name="Examples" tests="1" failures="0" timestamp="28 Apr 2020 08:34:47 GMT" time="4.579" errors="0">
  <testcase name="test_delete" time="4.579" classname="Examples"/>
</testsuite> <!-- Examples -->
