<?xml version="1.0" encoding="UTF-8"?>
<!-- Generated by org.testng.reporters.JUnitReportReporter -->
<testsuite skipped="0" hostname="Prasad-PC" name="Tests_POST" tests="1" failures="0" timestamp="28 Apr 2020 07:12:50 GMT" time="4.344" errors="0">
  <testcase name="test4_delete" time="4.344" classname="Tests_POST"/>
</testsuite> <!-- Tests_POST -->
