<?xml version="1.0" encoding="UTF-8"?>
<!-- Generated by org.testng.reporters.JUnitReportReporter -->
<testsuite skipped="0" hostname="Prasad-PC" name="Test01_GET" tests="2" failures="0" timestamp="27 Apr 2020 18:39:04 GMT" time="6.757" errors="0">
  <testcase name="test_02" time="2.723" classname="Test01_GET"/>
  <testcase name="test_01" time="4.034" classname="Test01_GET"/>
</testsuite> <!-- Test01_GET -->
