<?xml version="1.0" encoding="UTF-8"?>
<!-- Generated by org.testng.reporters.JUnitReportReporter -->
<testsuite skipped="0" hostname="Prasad-PC" name="demo.DataDrivenExamples" tests="1" failures="0" timestamp="28 Apr 2020 12:27:19 GMT" time="3.000" errors="0">
  <testcase name="test_delete1" time="3.000" classname="demo.DataDrivenExamples"/>
</testsuite> <!-- demo.DataDrivenExamples -->
